<?xml version="1.0" encoding="UTF-8"?>
<testng-results skipped="0" failed="2" ignored="0" total="4" passed="2">
  <reporter-output>
  </reporter-output>
  <suite name="Suite" duration-ms="29989" started-at="2022-03-19T10:02:05 IST" finished-at="2022-03-19T10:02:35 IST">
    <groups>
    </groups>
    <test name="Login" duration-ms="29989" started-at="2022-03-19T10:02:05 IST" finished-at="2022-03-19T10:02:35 IST">
      <class name="com.qa.TestCases.HomePageTest">
        <test-method status="PASS" signature="Setup()[pri:0, instance:com.qa.TestCases.HomePageTest@2bbf4b8b]" name="Setup" is-config="true" duration-ms="5285" started-at="2022-03-19T10:02:23 IST" finished-at="2022-03-19T10:02:28 IST">
          <reporter-output>
          </reporter-output>
        </test-method> <!-- Setup -->
        <test-method status="FAIL" signature="HomePageTitleTest()[pri:1, instance:com.qa.TestCases.HomePageTest@2bbf4b8b]" name="HomePageTitleTest" duration-ms="10" started-at="2022-03-19T10:02:28 IST" finished-at="2022-03-19T10:02:28 IST">
          <exception class="java.lang.AssertionError">
            <message>
              <![CDATA[Homepage title mismatch expected [CME System 1 -  Dashboard] but found [ACME System 1 - Dashboard]]]>
            </message>
            <full-stacktrace>
              <![CDATA[java.lang.AssertionError: Homepage title mismatch expected [CME System 1 -  Dashboard] but found [ACME System 1 - Dashboard]
at org.testng.Assert.fail(Assert.java:99)
at org.testng.Assert.failNotEquals(Assert.java:1037)
at org.testng.Assert.assertEqualsImpl(Assert.java:140)
at org.testng.Assert.assertEquals(Assert.java:122)
at org.testng.Assert.assertEquals(Assert.java:629)
at com.qa.TestCases.HomePageTest.HomePageTitleTest(HomePageTest.java:37)
at sun.reflect.NativeMethodAccessorImpl.invoke0(Native Method)
at sun.reflect.NativeMethodAccessorImpl.invoke(NativeMethodAccessorImpl.java:62)
at sun.reflect.DelegatingMethodAccessorImpl.invoke(DelegatingMethodAccessorImpl.java:43)
at java.lang.reflect.Method.invoke(Method.java:498)
at org.testng.internal.MethodInvocationHelper.invokeMethod(MethodInvocationHelper.java:132)
at org.testng.internal.TestInvoker.invokeMethod(TestInvoker.java:599)
at org.testng.internal.TestInvoker.invokeTestMethod(TestInvoker.java:174)
at org.testng.internal.MethodRunner.runInSequence(MethodRunner.java:46)
at org.testng.internal.TestInvoker$MethodInvocationAgent.invoke(TestInvoker.java:822)
at org.testng.internal.TestInvoker.invokeTestMethods(TestInvoker.java:147)
at org.testng.internal.TestMethodWorker.invokeTestMethods(TestMethodWorker.java:146)
at org.testng.internal.TestMethodWorker.run(TestMethodWorker.java:128)
at java.util.ArrayList.forEach(ArrayList.java:1249)
at org.testng.TestRunner.privateRun(TestRunner.java:764)
at org.testng.TestRunner.run(TestRunner.java:585)
at org.testng.SuiteRunner.runTest(SuiteRunner.java:384)
at org.testng.SuiteRunner.runSequentially(SuiteRunner.java:378)
at org.testng.SuiteRunner.privateRun(SuiteRunner.java:337)
at org.testng.SuiteRunner.run(SuiteRunner.java:286)
at org.testng.SuiteRunnerWorker.runSuite(SuiteRunnerWorker.java:53)
at org.testng.SuiteRunnerWorker.run(SuiteRunnerWorker.java:96)
at org.testng.TestNG.runSuitesSequentially(TestNG.java:1218)
at org.testng.TestNG.runSuitesLocally(TestNG.java:1140)
at org.testng.TestNG.runSuites(TestNG.java:1069)
at org.testng.TestNG.run(TestNG.java:1037)
at org.apache.maven.surefire.testng.TestNGExecutor.run(TestNGExecutor.java:284)
at org.apache.maven.surefire.testng.TestNGXmlTestSuite.execute(TestNGXmlTestSuite.java:75)
at org.apache.maven.surefire.testng.TestNGProvider.invoke(TestNGProvider.java:119)
at org.apache.maven.surefire.booter.ForkedBooter.runSuitesInProcess(ForkedBooter.java:428)
at org.apache.maven.surefire.booter.ForkedBooter.execute(ForkedBooter.java:162)
at org.apache.maven.surefire.booter.ForkedBooter.run(ForkedBooter.java:562)
at org.apache.maven.surefire.booter.ForkedBooter.main(ForkedBooter.java:548)
]]>
            </full-stacktrace>
          </exception> <!-- java.lang.AssertionError -->
          <reporter-output>
          </reporter-output>
        </test-method> <!-- HomePageTitleTest -->
        <test-method status="PASS" signature="teadDown()[pri:0, instance:com.qa.TestCases.HomePageTest@2bbf4b8b]" name="teadDown" is-config="true" duration-ms="713" started-at="2022-03-19T10:02:28 IST" finished-at="2022-03-19T10:02:29 IST">
          <reporter-output>
          </reporter-output>
        </test-method> <!-- teadDown -->
        <test-method status="PASS" signature="Setup()[pri:0, instance:com.qa.TestCases.HomePageTest@2bbf4b8b]" name="Setup" is-config="true" duration-ms="4858" started-at="2022-03-19T10:02:29 IST" finished-at="2022-03-19T10:02:34 IST">
          <reporter-output>
          </reporter-output>
        </test-method> <!-- Setup -->
        <test-method status="PASS" signature="HomePageUsernameTest()[pri:2, instance:com.qa.TestCases.HomePageTest@2bbf4b8b]" name="HomePageUsernameTest" duration-ms="40" started-at="2022-03-19T10:02:34 IST" finished-at="2022-03-19T10:02:34 IST">
          <reporter-output>
          </reporter-output>
        </test-method> <!-- HomePageUsernameTest -->
        <test-method status="PASS" signature="teadDown()[pri:0, instance:com.qa.TestCases.HomePageTest@2bbf4b8b]" name="teadDown" is-config="true" duration-ms="711" started-at="2022-03-19T10:02:34 IST" finished-at="2022-03-19T10:02:35 IST">
          <reporter-output>
          </reporter-output>
        </test-method> <!-- teadDown -->
      </class> <!-- com.qa.TestCases.HomePageTest -->
      <class name="com.qa.TestCases.LoginPageTest">
        <test-method status="PASS" signature="intialization()[pri:0, instance:com.qa.TestCases.LoginPageTest@1563da5]" name="intialization" is-config="true" duration-ms="4869" started-at="2022-03-19T10:02:05 IST" finished-at="2022-03-19T10:02:10 IST">
          <reporter-output>
          </reporter-output>
        </test-method> <!-- intialization -->
        <test-method status="FAIL" signature="LoginPageTitleTest()[pri:1, instance:com.qa.TestCases.LoginPageTest@1563da5]" name="LoginPageTitleTest" duration-ms="13" started-at="2022-03-19T10:02:10 IST" finished-at="2022-03-19T10:02:10 IST">
          <exception class="java.lang.AssertionError">
            <message>
              <![CDATA[expected [ACME System 1 - Log In] but found [ACME System 1 -  Log In]]]>
            </message>
            <full-stacktrace>
              <![CDATA[java.lang.AssertionError: expected [ACME System 1 - Log In] but found [ACME System 1 -  Log In]
at org.testng.Assert.fail(Assert.java:99)
at org.testng.Assert.failNotEquals(Assert.java:1037)
at org.testng.Assert.assertEqualsImpl(Assert.java:140)
at org.testng.Assert.assertEquals(Assert.java:122)
at org.testng.Assert.assertEquals(Assert.java:629)
at org.testng.Assert.assertEquals(Assert.java:639)
at com.qa.TestCases.LoginPageTest.LoginPageTitleTest(LoginPageTest.java:35)
at sun.reflect.NativeMethodAccessorImpl.invoke0(Native Method)
at sun.reflect.NativeMethodAccessorImpl.invoke(NativeMethodAccessorImpl.java:62)
at sun.reflect.DelegatingMethodAccessorImpl.invoke(DelegatingMethodAccessorImpl.java:43)
at java.lang.reflect.Method.invoke(Method.java:498)
at org.testng.internal.MethodInvocationHelper.invokeMethod(MethodInvocationHelper.java:132)
at org.testng.internal.TestInvoker.invokeMethod(TestInvoker.java:599)
at org.testng.internal.TestInvoker.invokeTestMethod(TestInvoker.java:174)
at org.testng.internal.MethodRunner.runInSequence(MethodRunner.java:46)
at org.testng.internal.TestInvoker$MethodInvocationAgent.invoke(TestInvoker.java:822)
at org.testng.internal.TestInvoker.invokeTestMethods(TestInvoker.java:147)
at org.testng.internal.TestMethodWorker.invokeTestMethods(TestMethodWorker.java:146)
at org.testng.internal.TestMethodWorker.run(TestMethodWorker.java:128)
at java.util.ArrayList.forEach(ArrayList.java:1249)
at org.testng.TestRunner.privateRun(TestRunner.java:764)
at org.testng.TestRunner.run(TestRunner.java:585)
at org.testng.SuiteRunner.runTest(SuiteRunner.java:384)
at org.testng.SuiteRunner.runSequentially(SuiteRunner.java:378)
at org.testng.SuiteRunner.privateRun(SuiteRunner.java:337)
at org.testng.SuiteRunner.run(SuiteRunner.java:286)
at org.testng.SuiteRunnerWorker.runSuite(SuiteRunnerWorker.java:53)
at org.testng.SuiteRunnerWorker.run(SuiteRunnerWorker.java:96)
at org.testng.TestNG.runSuitesSequentially(TestNG.java:1218)
at org.testng.TestNG.runSuitesLocally(TestNG.java:1140)
at org.testng.TestNG.runSuites(TestNG.java:1069)
at org.testng.TestNG.run(TestNG.java:1037)
at org.apache.maven.surefire.testng.TestNGExecutor.run(TestNGExecutor.java:284)
at org.apache.maven.surefire.testng.TestNGXmlTestSuite.execute(TestNGXmlTestSuite.java:75)
at org.apache.maven.surefire.testng.TestNGProvider.invoke(TestNGProvider.java:119)
at org.apache.maven.surefire.booter.ForkedBooter.runSuitesInProcess(ForkedBooter.java:428)
at org.apache.maven.surefire.booter.ForkedBooter.execute(ForkedBooter.java:162)
at org.apache.maven.surefire.booter.ForkedBooter.run(ForkedBooter.java:562)
at org.apache.maven.surefire.booter.ForkedBooter.main(ForkedBooter.java:548)
]]>
            </full-stacktrace>
          </exception> <!-- java.lang.AssertionError -->
          <reporter-output>
          </reporter-output>
        </test-method> <!-- LoginPageTitleTest -->
        <test-method status="PASS" signature="exit()[pri:0, instance:com.qa.TestCases.LoginPageTest@1563da5]" name="exit" is-config="true" duration-ms="712" started-at="2022-03-19T10:02:10 IST" finished-at="2022-03-19T10:02:10 IST">
          <reporter-output>
          </reporter-output>
        </test-method> <!-- exit -->
        <test-method status="PASS" signature="intialization()[pri:0, instance:com.qa.TestCases.LoginPageTest@1563da5]" name="intialization" is-config="true" duration-ms="2719" started-at="2022-03-19T10:02:10 IST" finished-at="2022-03-19T10:02:13 IST">
          <reporter-output>
          </reporter-output>
        </test-method> <!-- intialization -->
        <test-method status="PASS" signature="AppLoginTest()[pri:2, instance:com.qa.TestCases.LoginPageTest@1563da5]" name="AppLoginTest" duration-ms="8917" started-at="2022-03-19T10:02:13 IST" finished-at="2022-03-19T10:02:22 IST">
          <reporter-output>
          </reporter-output>
        </test-method> <!-- AppLoginTest -->
        <test-method status="PASS" signature="exit()[pri:0, instance:com.qa.TestCases.LoginPageTest@1563da5]" name="exit" is-config="true" duration-ms="745" started-at="2022-03-19T10:02:22 IST" finished-at="2022-03-19T10:02:23 IST">
          <reporter-output>
          </reporter-output>
        </test-method> <!-- exit -->
      </class> <!-- com.qa.TestCases.LoginPageTest -->
    </test> <!-- Login -->
  </suite> <!-- Suite -->
</testng-results>
